<?xml version="1.0" encoding="UTF-8"?>
<!-- Generated by org.testng.reporters.JUnitReportReporter -->
<testsuite skipped="0" hostname="LAPTOP-9SHF3IEE" name="org.facebook.tests.TestLogin" tests="2" failures="0" timestamp="10 Apr 2018 20:51:28 GMT" time="36.734" errors="0">
  <testcase name="verifyLoginPage" time="9.819" classname="org.facebook.tests.TestLogin"/>
  <testcase name="invokeBrowser" time="26.915" classname="org.facebook.tests.TestLogin"/>
</testsuite> <!-- org.facebook.tests.TestLogin -->
